<?xml version="1.0" encoding="UTF-8"?>
<!-- Generated by org.testng.reporters.JUnitReportReporter -->
<testsuite hostname="LAPTOP-ADKSI1TL" failures="0" tests="1" name="test.FBCreateAccount" time="0.431" errors="0" timestamp="2024-10-03T20:06:17 IST" skipped="0">
  <testcase classname="test.FBCreateAccount" name="test1" time="0.431"/>
  <system-out/>
</testsuite> <!-- test.FBCreateAccount -->
